<?xml version="1.0" encoding="UTF-8"?>
<testsuite xmlns:xsi="http://www.w3.org/2001/XMLSchema-instance" xsi:noNamespaceSchemaLocation="https://maven.apache.org/surefire/maven-surefire-plugin/xsd/surefire-test-report-3.0.xsd" version="3.0" name="com.leaderboard.RealTimeLeaderboardApplicationTests" time="2.458" tests="1" errors="0" skipped="0" failures="0">
  <properties>
[...]
</properties>
  <testcase name="contextLoads" classname="com.leaderboard.RealTimeLeaderboardApplicationTests" time="0.275">
    <system-out><![CDATA[04:30:56.971 [main] INFO org.springframework.test.context.support.AnnotationConfigContextLoaderUtils -- Could not detect default configuration classes for test class [com.leaderboard.RealTimeLeaderboardApplicationTests]: RealTimeLeaderboardApplicationTests does not declare any static, non-private, non-final, nested classes annotated with @Configuration.
04:30:57.010 [main] INFO org.springframework.boot.test.context.SpringBootTestContextBootstrapper -- Found @SpringBootConfiguration com.leaderboard.RealTimeLeaderboardApplication for test class com.leaderboard.RealTimeLeaderboardApplicationTests

  .   ____          _            __ _ _
 /\\ / ___'_ __ _ _(_)_ __  __ _ \ \ \ \
( ( )\___ | '_ | '_| | '_ \/ _` | \ \ \ \
 \\/  ___)| |_)| | | | | || (_| |  ) ) ) )
  '  |____| .__|_| |_|_| |_\__, | / / / /
 =========|_|==============|___/=/_/_/_/

 :: Spring Boot ::                (v3.3.3)

2024-09-08T04:30:57.180-07:00  INFO 8894 --- [           main] c.l.RealTimeLeaderboardApplicationTests  : Starting RealTimeLeaderboardApplicationTests using Java 22.0.2 with PID 8894 (started by chandrakanthrajesh in /Users/chandrakanthrajesh/Desktop/Springboot_projects/ChronoScore)
2024-09-08T04:30:57.181-07:00  INFO 8894 --- [           main] c.l.RealTimeLeaderboardApplicationTests  : No active profile set, falling back to 1 default profile: "default"
2024-09-08T04:30:57.446-07:00  INFO 8894 --- [           main] .s.d.r.c.RepositoryConfigurationDelegate : Multiple Spring Data modules found, entering strict repository configuration mode
2024-09-08T04:30:57.446-07:00  INFO 8894 --- [           main] .s.d.r.c.RepositoryConfigurationDelegate : Bootstrapping Spring Data JPA repositories in DEFAULT mode.
2024-09-08T04:30:57.503-07:00  INFO 8894 --- [           main] .s.d.r.c.RepositoryConfigurationDelegate : Finished Spring Data repository scanning in 54 ms. Found 1 JPA repository interface.
2024-09-08T04:30:57.513-07:00  INFO 8894 --- [           main] .s.d.r.c.RepositoryConfigurationDelegate : Multiple Spring Data modules found, entering strict repository configuration mode
2024-09-08T04:30:57.514-07:00  INFO 8894 --- [           main] .s.d.r.c.RepositoryConfigurationDelegate : Bootstrapping Spring Data Redis repositories in DEFAULT mode.
2024-09-08T04:30:57.521-07:00  INFO 8894 --- [           main] .RepositoryConfigurationExtensionSupport : Spring Data Redis - Could not safely identify store assignment for repository candidate interface com.leaderboard.repository.GameScoreRepository; If you want this repository to be a Redis repository, consider annotating your entities with one of these annotations: org.springframework.data.redis.core.RedisHash (preferred), or consider extending one of the following types with your repository: org.springframework.data.keyvalue.repository.KeyValueRepository
2024-09-08T04:30:57.521-07:00  INFO 8894 --- [           main] .s.d.r.c.RepositoryConfigurationDelegate : Finished Spring Data repository scanning in 3 ms. Found 0 Redis repository interfaces.
2024-09-08T04:30:57.744-07:00  INFO 8894 --- [           main] o.hibernate.jpa.internal.util.LogHelper  : HHH000204: Processing PersistenceUnitInfo [name: default]
2024-09-08T04:30:57.770-07:00  INFO 8894 --- [           main] org.hibernate.Version                    : HHH000412: Hibernate ORM core version 6.5.2.Final
2024-09-08T04:30:57.788-07:00  INFO 8894 --- [           main] o.h.c.internal.RegionFactoryInitiator    : HHH000026: Second-level cache disabled
2024-09-08T04:30:57.890-07:00  INFO 8894 --- [           main] o.s.o.j.p.SpringPersistenceUnitInfo      : No LoadTimeWeaver setup: ignoring JPA class transformer
2024-09-08T04:30:57.900-07:00  INFO 8894 --- [           main] com.zaxxer.hikari.HikariDataSource       : HikariPool-1 - Starting...
2024-09-08T04:30:57.999-07:00  INFO 8894 --- [           main] com.zaxxer.hikari.pool.HikariPool        : HikariPool-1 - Added connection org.postgresql.jdbc.PgConnection@3cb195dd
2024-09-08T04:30:58.000-07:00  INFO 8894 --- [           main] com.zaxxer.hikari.HikariDataSource       : HikariPool-1 - Start completed.
2024-09-08T04:30:58.015-07:00  WARN 8894 --- [           main] org.hibernate.orm.deprecation            : HHH90000025: PostgreSQLDialect does not need to be specified explicitly using 'hibernate.dialect' (remove the property setting and it will be selected by default)
2024-09-08T04:30:58.438-07:00  INFO 8894 --- [           main] o.h.e.t.j.p.i.JtaPlatformInitiator       : HHH000489: No JTA platform available (set 'hibernate.transaction.jta.platform' to enable JTA platform integration)
2024-09-08T04:30:58.459-07:00  INFO 8894 --- [           main] j.LocalContainerEntityManagerFactoryBean : Initialized JPA EntityManagerFactory for persistence unit 'default'
2024-09-08T04:30:58.565-07:00 DEBUG 8894 --- [           main] KafkaListenerAnnotationBeanPostProcessor : No retry topic configuration found for topics [game_score]
2024-09-08T04:30:58.592-07:00 DEBUG 8894 --- [           main] KafkaListenerAnnotationBeanPostProcessor : 1 @KafkaListener methods processed on bean 'gameScorePgConsumer': {public void com.leaderboard.consumer.GameScorePgConsumer.consume(com.leaderboard.dto.GameScoreDto)=[@org.springframework.kafka.annotation.KafkaListener(topicPattern="", containerFactory="gameScoreKafkaListenerContainerFactory", contentTypeConverter="", beanRef="__listener", topics={"game_score"}, groupId="pg_consumer", batch="", topicPartitions={}, clientIdPrefix="", splitIterables=true, concurrency="", autoStartup="", filter="", containerGroup="", idIsGroup=true, errorHandler="", id="", containerPostProcessor="", properties={}, info="")]}
2024-09-08T04:30:58.702-07:00 DEBUG 8894 --- [           main] KafkaListenerAnnotationBeanPostProcessor : No retry topic configuration found for topics [game_score]
2024-09-08T04:30:58.703-07:00 DEBUG 8894 --- [           main] KafkaListenerAnnotationBeanPostProcessor : 1 @KafkaListener methods processed on bean 'gameScoreRedisConsumer': {public void com.leaderboard.consumer.GameScoreRedisConsumer.consume(com.leaderboard.dto.GameScoreDto)=[@org.springframework.kafka.annotation.KafkaListener(topicPattern="", containerFactory="gameScoreKafkaListenerContainerFactory", contentTypeConverter="", beanRef="__listener", topics={"game_score"}, groupId="redis_consumer", batch="", topicPartitions={}, clientIdPrefix="", splitIterables=true, concurrency="", autoStartup="", filter="", containerGroup="", idIsGroup=true, errorHandler="", id="", containerPostProcessor="", properties={}, info="")]}
2024-09-08T04:30:58.715-07:00 DEBUG 8894 --- [           main] KafkaListenerAnnotationBeanPostProcessor : No retry topic configuration found for topics [leaderboard_change]
2024-09-08T04:30:58.715-07:00 DEBUG 8894 --- [           main] KafkaListenerAnnotationBeanPostProcessor : 1 @KafkaListener methods processed on bean 'leaderboardWebSocketConsumer': {public void com.leaderboard.consumer.LeaderboardWebSocketConsumer.broadcastLeaderboard(com.leaderboard.entity.Leaderboard)=[@org.springframework.kafka.annotation.KafkaListener(topicPattern="", containerFactory="", contentTypeConverter="", beanRef="__listener", topics={"leaderboard_change"}, groupId="ws_consumer", batch="", topicPartitions={}, clientIdPrefix="", splitIterables=true, concurrency="", autoStartup="", filter="", containerGroup="", idIsGroup=true, errorHandler="", id="", containerPostProcessor="", properties={}, info="")]}
2024-09-08T04:30:58.770-07:00  WARN 8894 --- [           main] JpaBaseConfiguration$JpaWebConfiguration : spring.jpa.open-in-view is enabled by default. Therefore, database queries may be performed during view rendering. Explicitly configure spring.jpa.open-in-view to disable this warning
2024-09-08T04:30:58.824-07:00  INFO 8894 --- [           main] o.s.b.a.w.s.WelcomePageHandlerMapping    : Adding welcome page: class path resource [static/index.html]
2024-09-08T04:30:58.920-07:00 DEBUG 8894 --- [           main] o.s.d.r.l.RedisMessageListenerContainer  : Starting RedisMessageListenerContainer...
2024-09-08T04:30:58.920-07:00 DEBUG 8894 --- [           main] o.s.d.r.l.RedisMessageListenerContainer  : Postpone listening for Redis messages until actual listeners are added
2024-09-08T04:30:58.985-07:00  INFO 8894 --- [           main] o.a.k.clients.consumer.ConsumerConfig    : ConsumerConfig values: 
	allow.auto.create.topics = true
	auto.commit.interval.ms = 5000
	auto.include.jmx.reporter = true
	auto.offset.reset = earliest
	bootstrap.servers = [localhost:9092]
	check.crcs = true
	client.dns.lookup = use_all_dns_ips
	client.id = consumer-ws_consumer-1
	client.rack = 
	connections.max.idle.ms = 540000
	default.api.timeout.ms = 60000
	enable.auto.commit = false
	enable.metrics.push = true
	exclude.internal.topics = true
	fetch.max.bytes = 52428800
	fetch.max.wait.ms = 500
	fetch.min.bytes = 1
	group.id = ws_consumer
	group.instance.id = null
	group.protocol = classic
	group.remote.assignor = null
	heartbeat.interval.ms = 3000
	interceptor.classes = []
	internal.leave.group.on.close = true
	internal.throw.on.fetch.stable.offset.unsupported = false
	isolation.level = read_uncommitted
	key.deserializer = class org.apache.kafka.common.serialization.StringDeserializer
	max.partition.fetch.bytes = 1048576
	max.poll.interval.ms = 300000
	max.poll.records = 500
	metadata.max.age.ms = 300000
	metric.reporters = []
	metrics.num.samples = 2
	metrics.recording.level = INFO
	metrics.sample.window.ms = 30000
	partition.assignment.strategy = [class org.apache.kafka.clients.consumer.RangeAssignor, class org.apache.kafka.clients.consumer.CooperativeStickyAssignor]
	receive.buffer.bytes = 65536
	reconnect.backoff.max.ms = 1000
	reconnect.backoff.ms = 50
	request.timeout.ms = 30000
	retry.backoff.max.ms = 1000
	retry.backoff.ms = 100
	sasl.client.callback.handler.class = null
	sasl.jaas.config = null
	sasl.kerberos.kinit.cmd = /usr/bin/kinit
	sasl.kerberos.min.time.before.relogin = 60000
	sasl.kerberos.service.name = null
	sasl.kerberos.ticket.renew.jitter = 0.05
	sasl.kerberos.ticket.renew.window.factor = 0.8
	sasl.login.callback.handler.class = null
	sasl.login.class = null
	sasl.login.connect.timeout.ms = null
	sasl.login.read.timeout.ms = null
	sasl.login.refresh.buffer.seconds = 300
	sasl.login.refresh.min.period.seconds = 60
	sasl.login.refresh.window.factor = 0.8
	sasl.login.refresh.window.jitter = 0.05
	sasl.login.retry.backoff.max.ms = 10000
	sasl.login.retry.backoff.ms = 100
	sasl.mechanism = GSSAPI
	sasl.oauthbearer.clock.skew.seconds = 30
	sasl.oauthbearer.expected.audience = null
	sasl.oauthbearer.expected.issuer = null
	sasl.oauthbearer.jwks.endpoint.refresh.ms = 3600000
	sasl.oauthbearer.jwks.endpoint.retry.backoff.max.ms = 10000
	sasl.oauthbearer.jwks.endpoint.retry.backoff.ms = 100
	sasl.oauthbearer.jwks.endpoint.url = null
	sasl.oauthbearer.scope.claim.name = scope
	sasl.oauthbearer.sub.claim.name = sub
	sasl.oauthbearer.token.endpoint.url = null
	security.protocol = PLAINTEXT
	security.providers = null
	send.buffer.bytes = 131072
	session.timeout.ms = 45000
	socket.connection.setup.timeout.max.ms = 30000
	socket.connection.setup.timeout.ms = 10000
	ssl.cipher.suites = null
	ssl.enabled.protocols = [TLSv1.2, TLSv1.3]
	ssl.endpoint.identification.algorithm = https
	ssl.engine.factory.class = null
	ssl.key.password = null
	ssl.keymanager.algorithm = SunX509
	ssl.keystore.certificate.chain = null
	ssl.keystore.key = null
	ssl.keystore.location = null
	ssl.keystore.password = null
	ssl.keystore.type = JKS
	ssl.protocol = TLSv1.3
	ssl.provider = null
	ssl.secure.random.implementation = null
	ssl.trustmanager.algorithm = PKIX
	ssl.truststore.certificates = null
	ssl.truststore.location = null
	ssl.truststore.password = null
	ssl.truststore.type = JKS
	value.deserializer = class org.apache.kafka.common.serialization.StringDeserializer

2024-09-08T04:30:59.004-07:00  INFO 8894 --- [           main] o.a.k.c.t.i.KafkaMetricsCollector        : initializing Kafka metrics collector
2024-09-08T04:30:59.084-07:00  INFO 8894 --- [           main] o.a.kafka.common.utils.AppInfoParser     : Kafka version: 3.7.1
2024-09-08T04:30:59.084-07:00  INFO 8894 --- [           main] o.a.kafka.common.utils.AppInfoParser     : Kafka commitId: e2494e6ffb89f828
2024-09-08T04:30:59.084-07:00  INFO 8894 --- [           main] o.a.kafka.common.utils.AppInfoParser     : Kafka startTimeMs: 1725795059083
2024-09-08T04:30:59.085-07:00  INFO 8894 --- [           main] o.a.k.c.c.internals.LegacyKafkaConsumer  : [Consumer clientId=consumer-ws_consumer-1, groupId=ws_consumer] Subscribed to topic(s): leaderboard_change
2024-09-08T04:30:59.088-07:00  INFO 8894 --- [           main] o.a.k.clients.consumer.ConsumerConfig    : ConsumerConfig values: 
	allow.auto.create.topics = true
	auto.commit.interval.ms = 5000
	auto.include.jmx.reporter = true
	auto.offset.reset = latest
	bootstrap.servers = [localhost:9092]
	check.crcs = true
	client.dns.lookup = use_all_dns_ips
	client.id = consumer-pg_consumer-2
	client.rack = 
	connections.max.idle.ms = 540000
	default.api.timeout.ms = 60000
	enable.auto.commit = false
	enable.metrics.push = true
	exclude.internal.topics = true
	fetch.max.bytes = 52428800
	fetch.max.wait.ms = 500
	fetch.min.bytes = 1
	group.id = pg_consumer
	group.instance.id = null
	group.protocol = classic
	group.remote.assignor = null
	heartbeat.interval.ms = 3000
	interceptor.classes = []
	internal.leave.group.on.close = true
	internal.throw.on.fetch.stable.offset.unsupported = false
	isolation.level = read_uncommitted
	key.deserializer = class org.apache.kafka.common.serialization.StringDeserializer
	max.partition.fetch.bytes = 1048576
	max.poll.interval.ms = 300000
	max.poll.records = 500
	metadata.max.age.ms = 300000
	metric.reporters = []
	metrics.num.samples = 2
	metrics.recording.level = INFO
	metrics.sample.window.ms = 30000
	partition.assignment.strategy = [class org.apache.kafka.clients.consumer.RangeAssignor, class org.apache.kafka.clients.consumer.CooperativeStickyAssignor]
	receive.buffer.bytes = 65536
	reconnect.backoff.max.ms = 1000
	reconnect.backoff.ms = 50
	request.timeout.ms = 30000
	retry.backoff.max.ms = 1000
	retry.backoff.ms = 100
	sasl.client.callback.handler.class = null
	sasl.jaas.config = null
	sasl.kerberos.kinit.cmd = /usr/bin/kinit
	sasl.kerberos.min.time.before.relogin = 60000
	sasl.kerberos.service.name = null
	sasl.kerberos.ticket.renew.jitter = 0.05
	sasl.kerberos.ticket.renew.window.factor = 0.8
	sasl.login.callback.handler.class = null
	sasl.login.class = null
	sasl.login.connect.timeout.ms = null
	sasl.login.read.timeout.ms = null
	sasl.login.refresh.buffer.seconds = 300
	sasl.login.refresh.min.period.seconds = 60
	sasl.login.refresh.window.factor = 0.8
	sasl.login.refresh.window.jitter = 0.05
	sasl.login.retry.backoff.max.ms = 10000
	sasl.login.retry.backoff.ms = 100
	sasl.mechanism = GSSAPI
	sasl.oauthbearer.clock.skew.seconds = 30
	sasl.oauthbearer.expected.audience = null
	sasl.oauthbearer.expected.issuer = null
	sasl.oauthbearer.jwks.endpoint.refresh.ms = 3600000
	sasl.oauthbearer.jwks.endpoint.retry.backoff.max.ms = 10000
	sasl.oauthbearer.jwks.endpoint.retry.backoff.ms = 100
	sasl.oauthbearer.jwks.endpoint.url = null
	sasl.oauthbearer.scope.claim.name = scope
	sasl.oauthbearer.sub.claim.name = sub
	sasl.oauthbearer.token.endpoint.url = null
	security.protocol = PLAINTEXT
	security.providers = null
	send.buffer.bytes = 131072
	session.timeout.ms = 45000
	socket.connection.setup.timeout.max.ms = 30000
	socket.connection.setup.timeout.ms = 10000
	ssl.cipher.suites = null
	ssl.enabled.protocols = [TLSv1.2, TLSv1.3]
	ssl.endpoint.identification.algorithm = https
	ssl.engine.factory.class = null
	ssl.key.password = null
	ssl.keymanager.algorithm = SunX509
	ssl.keystore.certificate.chain = null
	ssl.keystore.key = null
	ssl.keystore.location = null
	ssl.keystore.password = null
	ssl.keystore.type = JKS
	ssl.protocol = TLSv1.3
	ssl.provider = null
	ssl.secure.random.implementation = null
	ssl.trustmanager.algorithm = PKIX
	ssl.truststore.certificates = null
	ssl.truststore.location = null
	ssl.truststore.password = null
	ssl.truststore.type = JKS
	value.deserializer = class org.springframework.kafka.support.serializer.JsonDeserializer

2024-09-08T04:30:59.088-07:00 DEBUG 8894 --- [ntainer#2-0-C-1] o.s.k.l.KafkaMessageListenerContainer    : Commit list: {}
2024-09-08T04:30:59.089-07:00  INFO 8894 --- [           main] o.a.k.c.t.i.KafkaMetricsCollector        : initializing Kafka metrics collector
2024-09-08T04:30:59.091-07:00  INFO 8894 --- [           main] o.a.kafka.common.utils.AppInfoParser     : Kafka version: 3.7.1
2024-09-08T04:30:59.091-07:00  INFO 8894 --- [           main] o.a.kafka.common.utils.AppInfoParser     : Kafka commitId: e2494e6ffb89f828
2024-09-08T04:30:59.091-07:00  INFO 8894 --- [           main] o.a.kafka.common.utils.AppInfoParser     : Kafka startTimeMs: 1725795059091
2024-09-08T04:30:59.092-07:00  INFO 8894 --- [           main] o.a.k.c.c.internals.LegacyKafkaConsumer  : [Consumer clientId=consumer-pg_consumer-2, groupId=pg_consumer] Subscribed to topic(s): game_score
2024-09-08T04:30:59.092-07:00 DEBUG 8894 --- [ntainer#0-0-C-1] o.s.k.l.KafkaMessageListenerContainer    : Commit list: {}
2024-09-08T04:30:59.092-07:00  INFO 8894 --- [           main] o.a.k.clients.consumer.ConsumerConfig    : ConsumerConfig values: 
	allow.auto.create.topics = true
	auto.commit.interval.ms = 5000
	auto.include.jmx.reporter = true
	auto.offset.reset = latest
	bootstrap.servers = [localhost:9092]
	check.crcs = true
	client.dns.lookup = use_all_dns_ips
	client.id = consumer-redis_consumer-3
	client.rack = 
	connections.max.idle.ms = 540000
	default.api.timeout.ms = 60000
	enable.auto.commit = false
	enable.metrics.push = true
	exclude.internal.topics = true
	fetch.max.bytes = 52428800
	fetch.max.wait.ms = 500
	fetch.min.bytes = 1
	group.id = redis_consumer
	group.instance.id = null
	group.protocol = classic
	group.remote.assignor = null
	heartbeat.interval.ms = 3000
	interceptor.classes = []
	internal.leave.group.on.close = true
	internal.throw.on.fetch.stable.offset.unsupported = false
	isolation.level = read_uncommitted
	key.deserializer = class org.apache.kafka.common.serialization.StringDeserializer
	max.partition.fetch.bytes = 1048576
	max.poll.interval.ms = 300000
	max.poll.records = 500
	metadata.max.age.ms = 300000
	metric.reporters = []
	metrics.num.samples = 2
	metrics.recording.level = INFO
	metrics.sample.window.ms = 30000
	partition.assignment.strategy = [class org.apache.kafka.clients.consumer.RangeAssignor, class org.apache.kafka.clients.consumer.CooperativeStickyAssignor]
	receive.buffer.bytes = 65536
	reconnect.backoff.max.ms = 1000
	reconnect.backoff.ms = 50
	request.timeout.ms = 30000
	retry.backoff.max.ms = 1000
	retry.backoff.ms = 100
	sasl.client.callback.handler.class = null
	sasl.jaas.config = null
	sasl.kerberos.kinit.cmd = /usr/bin/kinit
	sasl.kerberos.min.time.before.relogin = 60000
	sasl.kerberos.service.name = null
	sasl.kerberos.ticket.renew.jitter = 0.05
	sasl.kerberos.ticket.renew.window.factor = 0.8
	sasl.login.callback.handler.class = null
	sasl.login.class = null
	sasl.login.connect.timeout.ms = null
	sasl.login.read.timeout.ms = null
	sasl.login.refresh.buffer.seconds = 300
	sasl.login.refresh.min.period.seconds = 60
	sasl.login.refresh.window.factor = 0.8
	sasl.login.refresh.window.jitter = 0.05
	sasl.login.retry.backoff.max.ms = 10000
	sasl.login.retry.backoff.ms = 100
	sasl.mechanism = GSSAPI
	sasl.oauthbearer.clock.skew.seconds = 30
	sasl.oauthbearer.expected.audience = null
	sasl.oauthbearer.expected.issuer = null
	sasl.oauthbearer.jwks.endpoint.refresh.ms = 3600000
	sasl.oauthbearer.jwks.endpoint.retry.backoff.max.ms = 10000
	sasl.oauthbearer.jwks.endpoint.retry.backoff.ms = 100
	sasl.oauthbearer.jwks.endpoint.url = null
	sasl.oauthbearer.scope.claim.name = scope
	sasl.oauthbearer.sub.claim.name = sub
	sasl.oauthbearer.token.endpoint.url = null
	security.protocol = PLAINTEXT
	security.providers = null
	send.buffer.bytes = 131072
	session.timeout.ms = 45000
	socket.connection.setup.timeout.max.ms = 30000
	socket.connection.setup.timeout.ms = 10000
	ssl.cipher.suites = null
	ssl.enabled.protocols = [TLSv1.2, TLSv1.3]
	ssl.endpoint.identification.algorithm = https
	ssl.engine.factory.class = null
	ssl.key.password = null
	ssl.keymanager.algorithm = SunX509
	ssl.keystore.certificate.chain = null
	ssl.keystore.key = null
	ssl.keystore.location = null
	ssl.keystore.password = null
	ssl.keystore.type = JKS
	ssl.protocol = TLSv1.3
	ssl.provider = null
	ssl.secure.random.implementation = null
	ssl.trustmanager.algorithm = PKIX
	ssl.truststore.certificates = null
	ssl.truststore.location = null
	ssl.truststore.password = null
	ssl.truststore.type = JKS
	value.deserializer = class org.springframework.kafka.support.serializer.JsonDeserializer

2024-09-08T04:30:59.093-07:00  INFO 8894 --- [           main] o.a.k.c.t.i.KafkaMetricsCollector        : initializing Kafka metrics collector
2024-09-08T04:30:59.095-07:00  INFO 8894 --- [           main] o.a.kafka.common.utils.AppInfoParser     : Kafka version: 3.7.1
2024-09-08T04:30:59.096-07:00  INFO 8894 --- [           main] o.a.kafka.common.utils.AppInfoParser     : Kafka commitId: e2494e6ffb89f828
2024-09-08T04:30:59.096-07:00  INFO 8894 --- [           main] o.a.kafka.common.utils.AppInfoParser     : Kafka startTimeMs: 1725795059095
2024-09-08T04:30:59.096-07:00  INFO 8894 --- [           main] o.a.k.c.c.internals.LegacyKafkaConsumer  : [Consumer clientId=consumer-redis_consumer-3, groupId=redis_consumer] Subscribed to topic(s): game_score
2024-09-08T04:30:59.096-07:00 DEBUG 8894 --- [ntainer#1-0-C-1] o.s.k.l.KafkaMessageListenerContainer    : Commit list: {}
2024-09-08T04:30:59.096-07:00  INFO 8894 --- [           main] o.s.m.s.b.SimpleBrokerMessageHandler     : Starting...
2024-09-08T04:30:59.096-07:00  INFO 8894 --- [           main] o.s.m.s.b.SimpleBrokerMessageHandler     : BrokerAvailabilityEvent[available=true, SimpleBrokerMessageHandler [org.springframework.messaging.simp.broker.DefaultSubscriptionRegistry@22a9fa23]]
2024-09-08T04:30:59.097-07:00  INFO 8894 --- [           main] o.s.m.s.b.SimpleBrokerMessageHandler     : Started.
2024-09-08T04:30:59.104-07:00  INFO 8894 --- [           main] c.l.RealTimeLeaderboardApplicationTests  : Started RealTimeLeaderboardApplicationTests in 2.04 seconds (process running for 2.437)
2024-09-08T04:30:59.216-07:00  INFO 8894 --- [ntainer#0-0-C-1] org.apache.kafka.clients.Metadata        : [Consumer clientId=consumer-pg_consumer-2, groupId=pg_consumer] Cluster ID: zIOSKGR5S0yQONphxZ_u9Q
2024-09-08T04:30:59.216-07:00  INFO 8894 --- [ntainer#2-0-C-1] org.apache.kafka.clients.Metadata        : [Consumer clientId=consumer-ws_consumer-1, groupId=ws_consumer] Cluster ID: zIOSKGR5S0yQONphxZ_u9Q
2024-09-08T04:30:59.216-07:00  INFO 8894 --- [ntainer#1-0-C-1] org.apache.kafka.clients.Metadata        : [Consumer clientId=consumer-redis_consumer-3, groupId=redis_consumer] Cluster ID: zIOSKGR5S0yQONphxZ_u9Q
2024-09-08T04:30:59.217-07:00  INFO 8894 --- [ntainer#2-0-C-1] o.a.k.c.c.internals.ConsumerCoordinator  : [Consumer clientId=consumer-ws_consumer-1, groupId=ws_consumer] Discovered group coordinator localhost:9092 (id: 2147483647 rack: null)
2024-09-08T04:30:59.217-07:00  INFO 8894 --- [ntainer#1-0-C-1] o.a.k.c.c.internals.ConsumerCoordinator  : [Consumer clientId=consumer-redis_consumer-3, groupId=redis_consumer] Discovered group coordinator localhost:9092 (id: 2147483647 rack: null)
2024-09-08T04:30:59.217-07:00  INFO 8894 --- [ntainer#0-0-C-1] o.a.k.c.c.internals.ConsumerCoordinator  : [Consumer clientId=consumer-pg_consumer-2, groupId=pg_consumer] Discovered group coordinator localhost:9092 (id: 2147483647 rack: null)
2024-09-08T04:30:59.217-07:00  INFO 8894 --- [ntainer#1-0-C-1] o.a.k.c.c.internals.ConsumerCoordinator  : [Consumer clientId=consumer-redis_consumer-3, groupId=redis_consumer] (Re-)joining group
2024-09-08T04:30:59.217-07:00  INFO 8894 --- [ntainer#0-0-C-1] o.a.k.c.c.internals.ConsumerCoordinator  : [Consumer clientId=consumer-pg_consumer-2, groupId=pg_consumer] (Re-)joining group
2024-09-08T04:30:59.217-07:00  INFO 8894 --- [ntainer#2-0-C-1] o.a.k.c.c.internals.ConsumerCoordinator  : [Consumer clientId=consumer-ws_consumer-1, groupId=ws_consumer] (Re-)joining group
2024-09-08T04:30:59.224-07:00  INFO 8894 --- [ntainer#0-0-C-1] o.a.k.c.c.internals.ConsumerCoordinator  : [Consumer clientId=consumer-pg_consumer-2, groupId=pg_consumer] Request joining group due to: need to re-join with the given member-id: consumer-pg_consumer-2-cf35c109-51c5-4a9c-a508-3252ca5cddd5
2024-09-08T04:30:59.224-07:00  INFO 8894 --- [ntainer#2-0-C-1] o.a.k.c.c.internals.ConsumerCoordinator  : [Consumer clientId=consumer-ws_consumer-1, groupId=ws_consumer] Request joining group due to: need to re-join with the given member-id: consumer-ws_consumer-1-663b5ff0-4f88-4c18-b550-c21df8f63b8c
2024-09-08T04:30:59.224-07:00  INFO 8894 --- [ntainer#1-0-C-1] o.a.k.c.c.internals.ConsumerCoordinator  : [Consumer clientId=consumer-redis_consumer-3, groupId=redis_consumer] Request joining group due to: need to re-join with the given member-id: consumer-redis_consumer-3-989bc401-38f1-4cdb-8241-f79edc9436d1
2024-09-08T04:30:59.224-07:00  INFO 8894 --- [ntainer#0-0-C-1] o.a.k.c.c.internals.ConsumerCoordinator  : [Consumer clientId=consumer-pg_consumer-2, groupId=pg_consumer] (Re-)joining group
2024-09-08T04:30:59.224-07:00  INFO 8894 --- [ntainer#2-0-C-1] o.a.k.c.c.internals.ConsumerCoordinator  : [Consumer clientId=consumer-ws_consumer-1, groupId=ws_consumer] (Re-)joining group
2024-09-08T04:30:59.224-07:00  INFO 8894 --- [ntainer#1-0-C-1] o.a.k.c.c.internals.ConsumerCoordinator  : [Consumer clientId=consumer-redis_consumer-3, groupId=redis_consumer] (Re-)joining group
2024-09-08T04:30:59.226-07:00  INFO 8894 --- [ntainer#2-0-C-1] o.a.k.c.c.internals.ConsumerCoordinator  : [Consumer clientId=consumer-ws_consumer-1, groupId=ws_consumer] Successfully joined group with generation Generation{generationId=1, memberId='consumer-ws_consumer-1-663b5ff0-4f88-4c18-b550-c21df8f63b8c', protocol='range'}
2024-09-08T04:30:59.226-07:00  INFO 8894 --- [ntainer#1-0-C-1] o.a.k.c.c.internals.ConsumerCoordinator  : [Consumer clientId=consumer-redis_consumer-3, groupId=redis_consumer] Successfully joined group with generation Generation{generationId=31, memberId='consumer-redis_consumer-3-989bc401-38f1-4cdb-8241-f79edc9436d1', protocol='range'}
2024-09-08T04:30:59.226-07:00  INFO 8894 --- [ntainer#0-0-C-1] o.a.k.c.c.internals.ConsumerCoordinator  : [Consumer clientId=consumer-pg_consumer-2, groupId=pg_consumer] Successfully joined group with generation Generation{generationId=31, memberId='consumer-pg_consumer-2-cf35c109-51c5-4a9c-a508-3252ca5cddd5', protocol='range'}
2024-09-08T04:30:59.228-07:00  INFO 8894 --- [ntainer#2-0-C-1] o.a.k.c.c.internals.ConsumerCoordinator  : [Consumer clientId=consumer-ws_consumer-1, groupId=ws_consumer] Finished assignment for group at generation 1: {consumer-ws_consumer-1-663b5ff0-4f88-4c18-b550-c21df8f63b8c=Assignment(partitions=[leaderboard_change-0, leaderboard_change-1, leaderboard_change-2])}
2024-09-08T04:30:59.228-07:00  INFO 8894 --- [ntainer#1-0-C-1] o.a.k.c.c.internals.ConsumerCoordinator  : [Consumer clientId=consumer-redis_consumer-3, groupId=redis_consumer] Finished assignment for group at generation 31: {consumer-redis_consumer-3-989bc401-38f1-4cdb-8241-f79edc9436d1=Assignment(partitions=[game_score-0, game_score-1, game_score-2])}
2024-09-08T04:30:59.228-07:00  INFO 8894 --- [ntainer#0-0-C-1] o.a.k.c.c.internals.ConsumerCoordinator  : [Consumer clientId=consumer-pg_consumer-2, groupId=pg_consumer] Finished assignment for group at generation 31: {consumer-pg_consumer-2-cf35c109-51c5-4a9c-a508-3252ca5cddd5=Assignment(partitions=[game_score-0, game_score-1, game_score-2])}
2024-09-08T04:30:59.234-07:00  INFO 8894 --- [ntainer#2-0-C-1] o.a.k.c.c.internals.ConsumerCoordinator  : [Consumer clientId=consumer-ws_consumer-1, groupId=ws_consumer] Successfully synced group in generation Generation{generationId=1, memberId='consumer-ws_consumer-1-663b5ff0-4f88-4c18-b550-c21df8f63b8c', protocol='range'}
2024-09-08T04:30:59.234-07:00  INFO 8894 --- [ntainer#0-0-C-1] o.a.k.c.c.internals.ConsumerCoordinator  : [Consumer clientId=consumer-pg_consumer-2, groupId=pg_consumer] Successfully synced group in generation Generation{generationId=31, memberId='consumer-pg_consumer-2-cf35c109-51c5-4a9c-a508-3252ca5cddd5', protocol='range'}
2024-09-08T04:30:59.234-07:00  INFO 8894 --- [ntainer#1-0-C-1] o.a.k.c.c.internals.ConsumerCoordinator  : [Consumer clientId=consumer-redis_consumer-3, groupId=redis_consumer] Successfully synced group in generation Generation{generationId=31, memberId='consumer-redis_consumer-3-989bc401-38f1-4cdb-8241-f79edc9436d1', protocol='range'}
2024-09-08T04:30:59.234-07:00  INFO 8894 --- [ntainer#1-0-C-1] o.a.k.c.c.internals.ConsumerCoordinator  : [Consumer clientId=consumer-redis_consumer-3, groupId=redis_consumer] Notifying assignor about the new Assignment(partitions=[game_score-0, game_score-1, game_score-2])
2024-09-08T04:30:59.234-07:00  INFO 8894 --- [ntainer#0-0-C-1] o.a.k.c.c.internals.ConsumerCoordinator  : [Consumer clientId=consumer-pg_consumer-2, groupId=pg_consumer] Notifying assignor about the new Assignment(partitions=[game_score-0, game_score-1, game_score-2])
2024-09-08T04:30:59.234-07:00  INFO 8894 --- [ntainer#2-0-C-1] o.a.k.c.c.internals.ConsumerCoordinator  : [Consumer clientId=consumer-ws_consumer-1, groupId=ws_consumer] Notifying assignor about the new Assignment(partitions=[leaderboard_change-0, leaderboard_change-1, leaderboard_change-2])
2024-09-08T04:30:59.235-07:00  INFO 8894 --- [ntainer#2-0-C-1] k.c.c.i.ConsumerRebalanceListenerInvoker : [Consumer clientId=consumer-ws_consumer-1, groupId=ws_consumer] Adding newly assigned partitions: leaderboard_change-0, leaderboard_change-1, leaderboard_change-2
2024-09-08T04:30:59.235-07:00  INFO 8894 --- [ntainer#1-0-C-1] k.c.c.i.ConsumerRebalanceListenerInvoker : [Consumer clientId=consumer-redis_consumer-3, groupId=redis_consumer] Adding newly assigned partitions: game_score-0, game_score-1, game_score-2
2024-09-08T04:30:59.235-07:00  INFO 8894 --- [ntainer#0-0-C-1] k.c.c.i.ConsumerRebalanceListenerInvoker : [Consumer clientId=consumer-pg_consumer-2, groupId=pg_consumer] Adding newly assigned partitions: game_score-0, game_score-1, game_score-2
2024-09-08T04:30:59.237-07:00  INFO 8894 --- [ntainer#2-0-C-1] o.a.k.c.c.internals.ConsumerCoordinator  : [Consumer clientId=consumer-ws_consumer-1, groupId=ws_consumer] Found no committed offset for partition leaderboard_change-2
2024-09-08T04:30:59.237-07:00  INFO 8894 --- [ntainer#2-0-C-1] o.a.k.c.c.internals.ConsumerCoordinator  : [Consumer clientId=consumer-ws_consumer-1, groupId=ws_consumer] Found no committed offset for partition leaderboard_change-1
2024-09-08T04:30:59.237-07:00  INFO 8894 --- [ntainer#2-0-C-1] o.a.k.c.c.internals.ConsumerCoordinator  : [Consumer clientId=consumer-ws_consumer-1, groupId=ws_consumer] Found no committed offset for partition leaderboard_change-0
2024-09-08T04:30:59.238-07:00  INFO 8894 --- [ntainer#0-0-C-1] o.a.k.c.c.internals.ConsumerUtils        : Setting offset for partition game_score-0 to the committed offset FetchPosition{offset=18, offsetEpoch=Optional.empty, currentLeader=LeaderAndEpoch{leader=Optional[localhost:9092 (id: 0 rack: null)], epoch=0}}
2024-09-08T04:30:59.238-07:00  INFO 8894 --- [ntainer#1-0-C-1] o.a.k.c.c.internals.ConsumerUtils        : Setting offset for partition game_score-0 to the committed offset FetchPosition{offset=18, offsetEpoch=Optional.empty, currentLeader=LeaderAndEpoch{leader=Optional[localhost:9092 (id: 0 rack: null)], epoch=0}}
2024-09-08T04:30:59.238-07:00  INFO 8894 --- [ntainer#0-0-C-1] o.a.k.c.c.internals.ConsumerUtils        : Setting offset for partition game_score-1 to the committed offset FetchPosition{offset=10, offsetEpoch=Optional.empty, currentLeader=LeaderAndEpoch{leader=Optional[localhost:9092 (id: 0 rack: null)], epoch=0}}
2024-09-08T04:30:59.238-07:00  INFO 8894 --- [ntainer#1-0-C-1] o.a.k.c.c.internals.ConsumerUtils        : Setting offset for partition game_score-1 to the committed offset FetchPosition{offset=10, offsetEpoch=Optional.empty, currentLeader=LeaderAndEpoch{leader=Optional[localhost:9092 (id: 0 rack: null)], epoch=0}}
2024-09-08T04:30:59.238-07:00  INFO 8894 --- [ntainer#0-0-C-1] o.a.k.c.c.internals.ConsumerUtils        : Setting offset for partition game_score-2 to the committed offset FetchPosition{offset=0, offsetEpoch=Optional.empty, currentLeader=LeaderAndEpoch{leader=Optional[localhost:9092 (id: 0 rack: null)], epoch=0}}
2024-09-08T04:30:59.238-07:00  INFO 8894 --- [ntainer#1-0-C-1] o.a.k.c.c.internals.ConsumerUtils        : Setting offset for partition game_score-2 to the committed offset FetchPosition{offset=0, offsetEpoch=Optional.empty, currentLeader=LeaderAndEpoch{leader=Optional[localhost:9092 (id: 0 rack: null)], epoch=0}}
2024-09-08T04:30:59.239-07:00  INFO 8894 --- [ntainer#1-0-C-1] o.s.k.l.KafkaMessageListenerContainer    : redis_consumer: partitions assigned: [game_score-0, game_score-1, game_score-2]
2024-09-08T04:30:59.239-07:00  INFO 8894 --- [ntainer#0-0-C-1] o.s.k.l.KafkaMessageListenerContainer    : pg_consumer: partitions assigned: [game_score-0, game_score-1, game_score-2]
2024-09-08T04:30:59.240-07:00  INFO 8894 --- [ntainer#2-0-C-1] o.a.k.c.c.internals.SubscriptionState    : [Consumer clientId=consumer-ws_consumer-1, groupId=ws_consumer] Resetting offset for partition leaderboard_change-2 to position FetchPosition{offset=0, offsetEpoch=Optional.empty, currentLeader=LeaderAndEpoch{leader=Optional[localhost:9092 (id: 0 rack: null)], epoch=0}}.
2024-09-08T04:30:59.240-07:00  INFO 8894 --- [ntainer#2-0-C-1] o.a.k.c.c.internals.SubscriptionState    : [Consumer clientId=consumer-ws_consumer-1, groupId=ws_consumer] Resetting offset for partition leaderboard_change-1 to position FetchPosition{offset=0, offsetEpoch=Optional.empty, currentLeader=LeaderAndEpoch{leader=Optional[localhost:9092 (id: 0 rack: null)], epoch=0}}.
2024-09-08T04:30:59.240-07:00  INFO 8894 --- [ntainer#2-0-C-1] o.a.k.c.c.internals.SubscriptionState    : [Consumer clientId=consumer-ws_consumer-1, groupId=ws_consumer] Resetting offset for partition leaderboard_change-0 to position FetchPosition{offset=0, offsetEpoch=Optional.empty, currentLeader=LeaderAndEpoch{leader=Optional[localhost:9092 (id: 0 rack: null)], epoch=0}}.
2024-09-08T04:30:59.240-07:00  INFO 8894 --- [ntainer#2-0-C-1] o.s.k.l.KafkaMessageListenerContainer    : ws_consumer: partitions assigned: [leaderboard_change-0, leaderboard_change-1, leaderboard_change-2]
]]></system-out>
    <system-err><![CDATA[Sep 08, 2024 4:30:56 AM org.junit.platform.launcher.core.LauncherConfigurationParameters loadClasspathResource
WARNING: Discovered 2 'junit-platform.properties' configuration files in the classpath; only the first will be used.
Sep 08, 2024 4:30:56 AM org.junit.platform.launcher.core.LauncherConfigurationParameters loadClasspathResource
WARNING: Discovered 2 'junit-platform.properties' configuration files in the classpath; only the first will be used.
Sep 08, 2024 4:30:56 AM org.junit.platform.launcher.core.LauncherConfigurationParameters loadClasspathResource
WARNING: Discovered 2 'junit-platform.properties' configuration files in the classpath; only the first will be used.
WARNING: A Java agent has been loaded dynamically (/Users/chandrakanthrajesh/.m2/repository/net/bytebuddy/byte-buddy-agent/1.14.19/byte-buddy-agent-1.14.19.jar)
WARNING: If a serviceability tool is in use, please run with -XX:+EnableDynamicAgentLoading to hide this warning
WARNING: If a serviceability tool is not in use, please run with -Djdk.instrument.traceUsage for more information
WARNING: Dynamic loading of agents will be disallowed by default in a future release
]]></system-err>
  </testcase>
</testsuite>